\BOOKMARK [-1][-]{part.1}{I Introduction and Theory}{}% 1
\BOOKMARK [0][-]{chapter.1}{Introduction to Bose-Einstein Condensates}{part.1}% 2
\BOOKMARK [1][-]{section.1.1}{Superfluid helium}{chapter.1}% 3
\BOOKMARK [1][-]{section.1.2}{Ultra-cold Bose gases}{chapter.1}% 4
\BOOKMARK [1][-]{section.1.3}{Bose-Einstein condensation}{chapter.1}% 5
\BOOKMARK [1][-]{section.1.4}{Macroscopic excitations: vortices and solitons}{chapter.1}% 6
\BOOKMARK [1][-]{section.1.5}{Quantum turbulence}{chapter.1}% 7
\BOOKMARK [0][-]{chapter.2}{Theoretical Modelling of BECs}{part.1}% 8
\BOOKMARK [1][-]{section.2.1}{ Mean-field description}{chapter.2}% 9
\BOOKMARK [1][-]{section.2.2}{ The Gross-Pitaevskii equation}{chapter.2}% 10
\BOOKMARK [1][-]{section.2.3}{ The chemical potential}{chapter.2}% 11
\BOOKMARK [1][-]{section.2.4}{ Time-independent Gross-Pitaevskii equation}{chapter.2}% 12
\BOOKMARK [1][-]{section.2.5}{ Quasi-two-dimensional Gross-Pitaevskii equation}{chapter.2}% 13
\BOOKMARK [1][-]{section.2.6}{ Hydrodynamic interpretation}{chapter.2}% 14
\BOOKMARK [1][-]{section.2.7}{ Quantised circulation}{chapter.2}% 15
\BOOKMARK [1][-]{section.2.8}{ Dimensionless Gross-Pitaevskii equations}{chapter.2}% 16
\BOOKMARK [2][-]{subsection.2.8.1}{ Homogeneous GPE}{section.2.8}% 17
\BOOKMARK [2][-]{subsection.2.8.2}{ Trapped GPE}{section.2.8}% 18
\BOOKMARK [1][-]{section.2.9}{ The imaginary time propagation method}{chapter.2}% 19
\BOOKMARK [1][-]{section.2.10}{ Transforming the reference frame}{chapter.2}% 20
\BOOKMARK [2][-]{subsection.2.10.1}{ Linearly translating frame to simulate flow}{section.2.10}% 21
\BOOKMARK [2][-]{subsection.2.10.2}{ Rotating frame}{section.2.10}% 22
\BOOKMARK [1][-]{section.2.11}{ The dissipative Gross-Pitaevskii equation}{chapter.2}% 23
\BOOKMARK [1][-]{section.2.12}{ Finite temperature homogeneous condensate using the classical field method}{chapter.2}% 24
\BOOKMARK [1][-]{section.2.13}{ A selection of simple solutions}{chapter.2}% 25
\BOOKMARK [2][-]{subsection.2.13.1}{ Density near a wall}{section.2.13}% 26
\BOOKMARK [2][-]{subsection.2.13.2}{ Soliton solutions}{section.2.13}% 27
\BOOKMARK [2][-]{subsection.2.13.3}{ Quantised vortices}{section.2.13}% 28
\BOOKMARK [1][-]{section.2.14}{ Initial conditions}{chapter.2}% 29
\BOOKMARK [2][-]{subsection.2.14.1}{ Homogeneous initial condition}{section.2.14}% 30
\BOOKMARK [2][-]{subsection.2.14.2}{ Thomas-Fermi profile of a trapped condensate}{section.2.14}% 31
\BOOKMARK [2][-]{subsection.2.14.3}{ Classical field initial condition}{section.2.14}% 32
\BOOKMARK [1][-]{section.2.15}{Modelling obstacles and surfaces}{chapter.2}% 33
\BOOKMARK [2][-]{subsection.2.15.1}{ Three-dimensional elliptical Gaussian}{section.2.15}% 34
\BOOKMARK [2][-]{subsection.2.15.2}{ Two and three-dimensional cylindrical Gaussian}{section.2.15}% 35
\BOOKMARK [2][-]{subsection.2.15.3}{ Three-dimensional `realistic' rough-surface}{section.2.15}% 36
\BOOKMARK [0][-]{chapter.3}{Numerical Methods and Procedures}{part.1}% 37
\BOOKMARK [1][-]{section.3.1}{ Numerical procedures for 2D and 3D solutions}{chapter.3}% 38
\BOOKMARK [2][-]{subsection.3.1.1}{ Fourth order Runge-Kutta scheme}{section.3.1}% 39
\BOOKMARK [2][-]{subsection.3.1.2}{ Numerical stability and convergence}{section.3.1}% 40
\BOOKMARK [1][-]{section.3.2}{ Identifying vortices}{chapter.3}% 41
\BOOKMARK [2][-]{subsection.3.2.1}{ Basic vortex detection method}{section.3.2}% 42
\BOOKMARK [2][-]{subsection.3.2.2}{ Visualising vortex location with a vortex field}{section.3.2}% 43
\BOOKMARK [2][-]{subsection.3.2.3}{ Further improving accuracy with a Gaussian blur}{section.3.2}% 44
\BOOKMARK [2][-]{subsection.3.2.4}{ Avoiding `ghost vortices'}{section.3.2}% 45
\BOOKMARK [1][-]{section.3.3}{ Quantifying vortex clustering in 2D}{chapter.3}% 46
\BOOKMARK [2][-]{subsection.3.3.1}{ Vortex counting}{section.3.3}% 47
\BOOKMARK [2][-]{subsection.3.3.2}{ Ripley's K and Besag's L functions }{section.3.3}% 48
\BOOKMARK [2][-]{subsection.3.3.3}{ Recursive Cluster Algorithm }{section.3.3}% 49
\BOOKMARK [1][-]{section.3.4}{ Building vortex trajectories}{chapter.3}% 50
\BO