This is pdfTeX, Version 3.14159265-2.6-1.40.15 (TeX Live 2014) (preloaded format=pdflatex 2015.2.15)  16 MAY 2015 11:12
entering extended mode
 restricted \write18 enabled.
 %&-line parsing enabled.
**thesis.tex
(./thesis.tex
LaTeX2e <2014/05/01>
Babel <3.9l> and hyphenation patterns for 79 languages loaded.
(/usr/local/texlive/2014/texmf-dist/tex/latex/base/report.cls
Document Class: report 2014/09/29 v1.4h Standard LaTeX document class
(/usr/local/texlive/2014/texmf-dist/tex/latex/base/size11.clo
File: size11.clo 2014/09/29 v1.4h Standard LaTeX file (size option)
)
\c@part=\count79
\c@chapter=\count80
\c@section=\count81
\c@subsection=\count82
\c@subsubsection=\count83
\c@paragraph=\count84
\c@subparagraph=\count85
\c@figure=\count86
\c@table=\count87
\abovecaptionskip=\skip41
\belowcaptionskip=\skip42
\bibindent=\dimen102
)
(/usr/local/texlive/2014/texmf-dist/tex/latex/geometry/geometry.sty
Package: geometry 2010/09/12 v5.6 Page Geometry

(/usr/local/texlive/2014/texmf-dist/tex/latex/graphics/keyval.sty
Package: keyval 2014/10/28 v1.15 key=value parser (DPC)
\KV@toks@=\toks14
)
(/usr/local/texlive/2014/texmf-dist/tex/generic/oberdiek/ifpdf.sty
Package: ifpdf 2011/01/30 v2.3 Provides the ifpdf switch (HO)
Package ifpdf Info: pdfTeX in PDF mode is detected.
)
(/usr/local/texlive/2014/texmf-dist/tex/generic/oberdiek/ifvtex.sty
Package: ifvtex 2010/03/01 v1.5 Detect VTeX and its facilities (HO)
Package ifvtex Info: VTeX not detected.
)
(/usr/local/texlive/2014/texmf-dist/tex/generic/ifxetex/ifxetex.sty
Package: ifxetex 2010/09/12 v0.6 Provides ifxetex conditional
)
\Gm@cnth=\count88
\Gm@cntv=\count89
\c@Gm@tempcnt=\count90
\Gm@bindingoffset=\dimen103
\Gm@wd@mp=\dimen104
\Gm@odd@mp=\dimen105
\Gm@even@mp=\dimen106
\Gm@layoutwidth=\dimen107
\Gm@layoutheight=\dimen108
\Gm@layouthoffset=\dimen109
\Gm@layoutvoffset=\dimen110
\Gm@dimlist=\toks15
)
(./masthesis.sty
(/usr/local/texlive/2014/texmf-dist/tex/latex/natbib/natbib.sty
Package: natbib 2010/09/13 8.31b (PWD, AO)
\bibhang=\skip43
\bibsep=\skip44
LaTeX Info: Redefining \cite on input line 694.
\c@NAT@ctr=\count91
)
(/usr/local/texlive/2014/texmf-dist/tex/latex/fancyhdr/fancyhdr.sty
\fancy@headwidth=\skip45
\f@ncyO@elh=\skip46
\f@ncyO@erh=\skip47
\f@ncyO@olh=\skip48
\f@ncyO@orh=\skip49
\f@ncyO@elf=\skip50
\f@ncyO@erf=\skip51
\f@ncyO@olf=\skip52
\f@ncyO@orf=\skip53
)
(/usr/local/texlive/2014/texmf-dist/tex/latex/amsmath/amsmath.sty
Package: amsmath 2013/01/14 v2.14 AMS math features
\@mathmargin=\skip54

For additional information on amsmath, use the `?' option.
(/usr/local/texlive/2014/texmf-dist/tex/latex/amsmath/amstext.sty
Package: amstext 2000/06/29 v2.01

(/usr/local/texlive/2014/texmf-dist/tex/latex/amsmath/amsgen.sty
File: amsgen.sty 1999/11/30 v2.0
\@emptytoks=\toks16
\ex@=\dimen111
))
(/usr/local/texlive/2014/texmf-dist/tex/latex/amsmath/amsbsy.sty
Package: amsbsy 1999/11/29 v1.2d
\pmbraise@=\dimen112
)
(/usr/local/texlive/2014/texmf-dist/tex/latex/amsmath/amsopn.sty
Package: amsopn 1999/12/14 v2.01 operator names
)
\inf@bad=\count92
LaTeX Info: Redefining \frac on input line 210.
\uproot@=\count93
\leftroot@=\count94
LaTeX Info: Redefining \overline on input line 306.
\classnum@=\count95
\DOTSCASE@=\count96
LaTeX Info: Redefining \ldots on input line 378.
LaTeX Info: Redefining \dots on input line 381.
LaTeX Info: Redefining \cdots on input line 466.
\Mathstrutbox@=\box26
\strutbox@=\box27
\big@size=\dimen113
LaTeX Font Info:    Redeclaring font encoding OML on input line 566.
LaTeX Font Info:    Redeclaring font encoding OMS on input line 567.
\macc@depth=\count97
\c@MaxMatrixCols=\count98
\dotsspace@=\muskip10
\c@parentequation=\count99
\dspbrk@lvl=\count100
\tag@help=\toks17
\row@=\count101
\column@=\count102
\maxfields@=\count103
\andhelp@=\toks18
\eqnshift@=\dimen114
\alignsep@=\dimen115
\tagshift@=\dimen116
\tagwidth@=\dimen117
\totwidth@=\dimen118
\lineht@=\dimen119
\@envbody=\toks19
\multlinegap=\skip55
\multlinetaggap=\skip56
\mathdisplay@stack=\toks20
LaTeX Info: Redefining \[ on input line 2665.
LaTeX Info: Redefining \] on input line 2666.
)
(/usr/local/texlive/2014/texmf-dist/tex/latex/amsfonts/amssymb.sty
Package: amssymb 2013/01/14 v3.01 AMS font symbols

(/usr/local/texlive/2014/texmf-dist/tex/latex/amsfonts/amsfonts.sty
Package: amsfonts 2013/01/14 v3.01 Basic AMSFonts support
\symAMSa=\mathgroup4
\symAMSb=\mathgroup5
LaTeX Font Info:    Overwriting math alphabet `\mathfrak' in version `bold'
(Font)                  U/euf/m/n --> U/euf/b/n on input line 106.
))
(/usr/local/texlive/2014/texmf-dist/tex/latex/amscls/amsthm.sty
Package: amsthm 2009/07/02 v2.20.1
\thm@style=\toks21
\thm@bodyfont=\toks22
\thm@headfont=\toks23
\thm@notefont=\toks24
\thm@headpunct=\toks25
\thm@preskip=\skip57
\thm@postskip=\skip58
\thm@headsep=\skip59
\dth@everypar=\toks26
)
(/usr/local/texlive/2014/texmf-dist/tex/latex/psfrag/psfrag.sty
Package: psfrag 1998/04/11 v3.04 PSfrag (MCG)

(/usr/local/texlive/2014/texmf-dist/tex/latex/graphics/graphics.sty
Package: graphics 2014/10/28 v1.0p Standard LaTeX Graphics (DPC,SPQR)

(/usr/local/texlive/2014/texmf-dist/tex/latex/graphics/trig.sty
Package: trig 1999/03/16 v1.09 sin cos tan (DPC)
)
(/usr/local/texlive/2014/texmf-dist/tex/latex/latexconfig/graphics.cfg
File: graphics.cfg 2010/04/23 v1.9 graphics configuration of TeX Live
)
Package graphics Info: Driver file: pdftex.def on input line 91.

(/usr/local/texlive/2014/texmf-dist/tex/latex/pdftex-def/pdftex.def
File: pdftex.def 2011/05/27 v0.06d Graphics/color for pdfTeX

(/usr/local/texlive/2014/texmf-dist/tex/generic/oberdiek/infwarerr.sty
Package: infwarerr 2010/04/08 v1.3 Providing info/warning/error messages (HO)
)
(/usr/local/texlive/2014/texmf-dist/tex/generic/oberdiek/ltxcmds.sty
Package: ltxcmds 2011/11/09 v1.22 LaTeX kernel commands for general use (HO)
)
\Gread@gobject=\count104
))
\pfg@pcount=\count105
\pfg@scount=\count106
\pfg@temp=\write3
)
(/usr/local/texlive/2014/texmf-dist/tex/latex/tools/dcolumn.sty
Package: dcolumn 2014/10/28 v1.06 decimal alignment package (DPC)

(/usr/local/texlive/2014/texmf-dist/tex/latex/tools/array.sty
Package: array 2014/10/28 v2.4c Tabular extension package (FMi)
\col@sep=\dimen120
\extrarowheight=\dimen121
\NC@list=\toks27
\extratabsurround=\skip60
\backup@length=\skip61
))
(/usr/local/texlive/2014/texmf-dist/tex/latex/graphics/graphicx.sty
Package: graphicx 2014/10/28 v1.0g Enhanced LaTeX Graphics (DPC,SPQR)
\Gin@req@height=\dimen122
\Gin@req@width=\dimen123
)
(/usr/local/texlive/2014/texmf-dist/tex/latex/graphics/color.sty
Package: color 2014/10/28 v1.1a Standard LaTeX Color (DPC)

(/usr/local/texlive/2014/texmf-dist/tex/latex/latexconfig/color.cfg
File: color.cfg 2007/01/18 v1.5 color configuration of teTeX/TeXLive
)
Package color Info: Driver file: pdftex.def on input line 137.
)
(/usr/local/texlive/2014/texmf-dist/tex/latex/caption/caption.sty
Package: caption 2013/05/02 v3.3-89 Customizing captions (AR)

(/usr/local/texlive/2014/texmf-dist/tex/latex/caption/caption3.sty
Package: caption3 2013/05/02 v1.6-88 caption3 kernel (AR)
Package caption3 Info: TeX engine: e-TeX on input line 57.
\captionmargin=\dimen124
\captionmargin@=\dimen125
\captionwidth=\dimen126
\caption@tempdima=\dimen127
\caption@indent=\dimen128
\caption@parindent=\dimen129
\caption@hangindent=\dimen130
)
\c@ContinuedFloat=\count107
)
(/usr/local/texlive/2014/texmf-dist/tex/latex/subfig/subfig.sty
Package: subfig 2005/06/28 ver: 1.3 subfig package
\c@KVtest=\count108
\sf@farskip=\skip62
\sf@captopadj=\dimen131
\sf@capskip=\skip63
\sf@nearskip=\skip64
\c@subfigure=\count109
\c@subfigure@save=\count110
\c@lofdepth=\count111
\c@subtable=\count112
\c@subtable@save=\count113
\c@lotdepth=\count114
\sf@top=\skip65
\sf@bottom=\skip66
)
(/usr/local/texlive/2014/texmf-dist/tex/latex/tools/enumerate.sty
Package: enumerate 2014/10/28 v3.00 enumerate extensions (DPC)
\@enLab=\toks28
)
(/usr/local/texlive/2014/texmf-dist/tex/latex/tools/longtable.sty
Package: longtable 2014/10/28 v4.11 Multi-page Table package (DPC)
\LTleft=\skip67
\LTright=\skip68
\LTpre=\skip69
\LTpost=\skip70
\LTchunksize=\count115
\LTcapwidth=\dimen132
\LT@head=\box28
\LT@firsthead=\box29
\LT@foot=\box30
\LT@lastfoot=\box31
\LT@cols=\count116
\LT@rows=\count117
\c@LT@tables=\count118
\c@LT@chunks=\count119
\LT@p@ftn=\toks29
)
(/usr/local/texlive/2014/texmf-dist/tex/latex/graphics/lscape.sty
Package: lscape 2000/10/22 v3.01 Landscape Pages (DPC)
)
(/usr/local/texlive/2014/texmf-dist/tex/latex/tools/afterpage.sty
Package: afterpage 2014/10/28 v1.08 After-Page Package (DPC)
\AP@output=\toks30
\AP@partial=\box32
\AP@footins=\box33
)
(/usr/local/texlive/2014/texmf-dist/tex/latex/rotating/rotating.sty
Package: rotating 2009/03/28 v2.16a rotated objects in LaTeX

(/usr/local/texlive/2014/texmf-dist/tex/latex/base/ifthen.sty
Package: ifthen 2014/09/29 v1.1c Standard LaTeX ifthen package (DPC)
)
\c@r@tfl@t=\count120
\rotFPtop=\skip71
\rotFPbot=\skip72
\rot@float@box=\box34
\rot@mess@toks=\toks31
)
(/usr/local/texlive/2014/texmf-dist/tex/latex/setspace/setspace.sty
Package: setspace 2011/12/19 v6.7a set line spacing
)
(/usr/local/texlive/2014/texmf-dist/tex/latex/l3packages/xfrac/xfrac.sty
(/usr/local/texlive/2014/texmf-dist/tex/latex/l3packages/l3keys2e/l3keys2e.sty
(/usr/local/texlive/2014/texmf-dist/tex/latex/l3kernel/expl3.sty
Package: expl3 2015/03/01 v5547 L3 programming layer (loader) 

(/usr/local/texlive/2014/texmf-dist/tex/latex/l3kernel/expl3-code.tex
Package: expl3 2015/03/01 v5547 L3 programming layer (code) 
L3 Module: l3bootstrap 2015/02/28 v5542 L3 Bootstrap code

(/usr/local/texlive/2014/texmf-dist/tex/latex/etex-pkg/etex.sty
Package: etex 2015/03/02 v2.1 eTeX basic definition package (PEB,DPC)
\et@xins=\count121
)
L3 Module: l3names 2015/02/24 v5535 L3 Namespace for primitives
L3 Module: l3basics 2015/01/27 v5500 L3 Basic definitions
L3 Module: l3expan 2014/11/27 v5472 L3 Argument expansion
L3 Module: l3tl 2015/01/27 v5500 L3 Token lists
L3 Module: l3str 2015/03/01 v5545 L3 Strings
L3 Module: l3seq 2014/08/23 v5354 L3 Sequences and stacks
L3 Module: l3int 2015/02/21 v5529 L3 Integers
\c_max_int=\count122
\l_tmpa_int=\count123
\l_tmpb_int=\count124
\g_tmpa_int=\count125
\g_tmpb_int=\count126
L3 Module: l3quark 2014/08/23 v5354 L3 Quarks
L3 Module: l3prg 2014/08/23 v5354 L3 Control structures
\g__prg_map_int=\count127
L3 Module: l3clist 2014/08/23 v5354 L3 Comma separated lists
L3 Module: l3token 2014/09/15 v5422 L3 Experimental token manipulation
L3 Module: l3prop 2014/08/23 v5354 L3 Property lists
L3 Module: l3msg 2015/02/26 v5537 L3 Messages
L3 Module: l3file 2014/08/24 v5369 L3 File and I/O operations
\l_iow_line_count_int=\count128
\l__iow_target_count_int=\count129
\l__iow_current_line_int=\count130
\l__iow_current_word_int=\count131
\l__iow_current_indentation_int=\count132
L3 Module: l3skip 2014/08/23 v5354 L3 Dimensions and skips
\c_zero_dim=\dimen133
\c_max_dim=\dimen134
\l_tmpa_dim=\dimen135
\l_tmpb_dim=\dimen136
\g_tmpa_dim=\dimen137
\g_tmpb_dim=\dimen138
\c_zero_skip=\skip73
\c_max_skip=\skip74
\l_tmpa_skip=\skip75
\l_tmpb_skip=\skip76
\g_tmpa_skip=\skip77
\g_tmpb_skip=\skip78
\c_zero_muskip=\muskip11
\c_max_muskip=\muskip12
\l_tmpa_muskip=\muskip13
\l_tmpb_muskip=\muskip14
\g_tmpa_muskip=\muskip15
\g_tmpb_muskip=\muskip16
L3 Module: l3keys 2015/01/27 v5500 L3 Key-value interfaces
\g__keyval_level_int=\count133
\l_keys_choice_int=\count134
L3 Module: l3fp 2014/08/22 v5336 L3 Floating points
\c__fp_leading_shift_int=\count135
\c__fp_middle_shift_int=\count136
\c__fp_trailing_shift_int=\count137
\c__fp_big_leading_shift_int=\count138
\c__fp_big_middle_shift_int=\count139
\c__fp_big_trailing_shift_int=\count140
\c__fp_Bigg_leading_shift_int=\count141
\c__fp_Bigg_middle_shift_int=\count142
\c__fp_Bigg_trailing_shift_int=\count143
L3 Module: l3box 2014/08/23 v5354 L3 Experimental boxes
\c_empty_box=\box35
\l_tmpa_box=\box36
\l_tmpb_box=\box37
\g_tmpa_box=\box38
\g_tmpb_box=\box39
L3 Module: l3coffins 2014/08/23 v5354 L3 Coffin code layer
\l__coffin_internal_box=\box40
\l__coffin_internal_dim=\dimen139
\l__coffin_offset_x_dim=\dimen140
\l__coffin_offset_y_dim=\dimen141
\l__coffin_x_dim=\dimen142
\l__coffin_y_dim=\dimen143
\l__coffin_x_prime_dim=\dimen144
\l__coffin_y_prime_dim=\dimen145
\c_empty_coffin=\box41
\l__coffin_aligned_coffin=\box42
\l__coffin_aligned_internal_coffin=\box43
\l_tmpa_coffin=\box44
\l_tmpb_coffin=\box45
\l__coffin_display_coffin=\box46
\l__coffin_display_coord_coffin=\box47
\l__coffin_display_pole_coffin=\box48
\l__coffin_display_offset_dim=\dimen146
\l__coffin_display_x_dim=\dimen147
\l__coffin_display_y_dim=\dimen148
L3 Module: l3color 2014/08/23 v5354 L3 Experimental color support
L3 Module: l3candidates 2015/03/01 v5544 L3 Experimental additions to l3kernel
\l__box_top_dim=\dimen149
\l__box_bottom_dim=\dimen150
\l__box_left_dim=\dimen151
\l__box_right_dim=\dimen152
\l__box_top_new_dim=\dimen153
\l__box_bottom_new_dim=\dimen154
\l__box_left_new_dim=\dimen155
\l__box_right_new_dim=\dimen156
\l__box_internal_box=\box49
\l__coffin_bounding_shift_dim=\dimen157
\l__coffin_left_corner_dim=\dimen158
\l__coffin_right_corner_dim=\dimen159
\l__coffin_bottom_corner_dim=\dimen160
\l__coffin_top_corner_dim=\dimen161
\l__coffin_scaled_total_height_dim=\dimen162
\l__coffin_scaled_width_dim=\dimen163
)
(/usr/local/texlive/2014/texmf-dist/tex/latex/l3kernel/l3unicode-data.def
File: l3unicode-data.def 2015/03/01 v5544 L3 Unicode data
)
(/usr/local/texlive/2014/texmf-dist/tex/latex/l3kernel/l3pdfmode.def
File: l3pdfmode.def 2015/03/01 v5544 L3 Experimental driver: PDF mode
\l__driver_color_stack_int=\count144
))
Package: l3keys2e 2014/11/25 v5471 LaTeX2e option processing using LaTeX3 keys
)
(/usr/local/texlive/2014/texmf-dist/tex/latex/base/textcomp.sty
Package: textcomp 2005/09/27 v1.99g Standard LaTeX package
Package textcomp Info: Sub-encoding information:
(textcomp)               5 = only ISO-Adobe without \textcurrency
(textcomp)               4 = 5 + \texteuro
(textcomp)               3 = 4 + \textohm
(textcomp)               2 = 3 + \textestimated + \textcurrency
(textcomp)               1 = TS1 - \textcircled - \t
(textcomp)               0 = TS1 (full)
(textcomp)             Font families with sub-encoding setting implement
(textcomp)             only a restricted character set as indicated.
(textcomp)             Family '?' is the default used for unknown fonts.
(textcomp)             See the documentation for details.
Package textcomp Info: Setting ? sub-encoding to TS1/1 on input line 71.

(/usr/local/texlive/2014/texmf-dist/tex/latex/base/ts1enc.def
File: ts1enc.def 2001/06/05 v3.0e (jk/car/fm) Standard LaTeX file
)
LaTeX Info: Redefining \oldstylenums on input line 266.
Package textcomp Info: Setting cmr sub-encoding to TS1/0 on input line 281.
Package textcomp Info: Setting cmss sub-encoding to TS1/0 on input line 282.
Package textcomp Info: Setting cmtt sub-encoding to TS1/0 on input line 283.
Package textcomp Info: Setting cmvtt sub-encoding to TS1/0 on input line 284.
Package textcomp Info: Setting cmbr sub-encoding to TS1/0 on input line 285.
Package textcomp Info: Setting cmtl sub-encoding to TS1/0 on input line 286.
Package textcomp Info: Setting ccr sub-encoding to TS1/0 on input line 287.
Package textcomp Info: Setting ptm sub-encoding to TS1/4 on input line 288.
Package textcomp Info: Setting pcr sub-encoding to TS1/4 on input line 289.
Package textcomp Info: Setting phv sub-encoding to TS1/4 on input line 290.
Package textcomp Info: Setting ppl sub-encoding to TS1/3 on input line 291.
Package textcomp Info: Setting pag sub-encoding to TS1/4 on input line 292.
Package textcomp Info: Setting pbk sub-encoding to TS1/4 on input line 293.
Package textcomp Info: Setting pnc sub-encoding to TS1/4 on input line 294.
Package textcomp Info: Setting pzc sub-encoding to TS1/4 on input line 295.
Package textcomp Info: Setting bch sub-encoding to TS1/4 on input line 296.
Package textcomp Info: Setting put sub-encoding to TS1/5 on input line 297.
Package textcomp Info: Setting uag sub-encoding to TS1/5 on input line 298.
Package textcomp Info: Setting ugq sub-encoding to TS1/5 on input line 299.
Package textcomp Info: Setting ul8 sub-encoding to TS1/4 on input line 300.
Package textcomp Info: Setting ul9 sub-encoding to TS1/4 on input line 301.
Package textcomp Info: Setting augie sub-encoding to TS1/5 on input line 302.
Package textcomp Info: Setting dayrom sub-encoding to TS1/3 on input line 303.
Package textcomp Info: Setting dayroms sub-encoding to TS1/3 on input line 304.

Package textcomp Info: Setting pxr sub-encoding to TS1/0 on input line 305.
Package textcomp Info: Setting pxss sub-encoding to TS1/0 on input line 306.
Package textcomp Info: Setting pxtt sub-encoding to TS1/0 on input line 307.
Package textcomp Info: Setting txr sub-encoding to TS1/0 on input line 308.
Package textcomp Info: Setting txss sub-encoding to TS1/0 on input line 309.
Package textcomp Info: Setting txtt sub-encoding to TS1/0 on input line 310.
Package textcomp Info: Setting lmr sub-encoding to TS1/0 on input line 311.
Package textcomp Info: Setting lmdh sub-encoding to TS1/0 on input line 312.
Package textcomp Info: Setting lmss sub-encoding to TS1/0 on input line 313.
Package textcomp Info: Setting lmssq sub-encoding to TS1/0 on input line 314.
Package textcomp Info: Setting lmvtt sub-encoding to TS1/0 on input line 315.
Package textcomp Info: Setting qhv sub-encoding to TS1/0 on input line 316.
Package textcomp Info: Setting qag sub-encoding to TS1/0 on input line 317.
Package textcomp Info: Setting qbk sub-encoding to TS1/0 on input line 318.
Package textcomp Info: Setting qcr sub-encoding to TS1/0 on input line 319.
Package textcomp Info: Setting qcs sub-encoding to TS1/0 on input line 320.
Package textcomp Info: Setting qpl sub-encoding to TS1/0 on input line 321.
Package textcomp Info: Setting qtm sub-encoding to TS1/0 on input line 322.
Package textcomp Info: Setting qzc sub-encoding to TS1/0 on input line 323.
Package textcomp Info: Setting qhvc sub-encoding to TS1/0 on input line 324.
Package textcomp Info: Setting futs sub-encoding to TS1/4 on input line 325.
Package textcomp Info: Setting futx sub-encoding to TS1/4 on input line 326.
Package textcomp Info: Setting futj sub-encoding to TS1/4 on input line 327.
Package textcomp Info: Setting hlh sub-encoding to TS1/3 on input line 328.
Package textcomp Info: Setting hls sub-encoding to TS1/3 on input line 329.
Package textcomp Info: Setting hlst sub-encoding to TS1/3 on input line 330.
Package textcomp Info: Setting hlct sub-encoding to TS1/5 on input line 331.
Package textcomp Info: Setting hlx sub-encoding to TS1/5 on input line 332.
Package textcomp Info: Setting hlce sub-encoding to TS1/5 on input line 333.
Package textcomp Info: Setting hlcn sub-encoding to TS1/5 on input line 334.
Package textcomp Info: Setting hlcw sub-encoding to TS1/5 on input line 335.
Package textcomp Info: Setting hlcf sub-encoding to TS1/5 on input line 336.
Package textcomp Info: Setting pplx sub-encoding to TS1/3 on input line 337.
Package textcomp Info: Setting pplj sub-encoding to TS1/3 on input line 338.
Package textcomp Info: Setting ptmx sub-encoding to TS1/4 on input line 339.
Package textcomp Info: Setting ptmj sub-encoding to TS1/4 on input line 340.
)
(/usr/local/texlive/2014/texmf-dist/tex/latex/l3packages/xparse/xparse.sty
Package: xparse 2014/11/25 v5471 L3 Experimental document command parser
\l__xparse_current_arg_int=\count145
\l__xparse_m_args_int=\count146
\l__xparse_mandatory_args_int=\count147
\l__xparse_processor_int=\count148
\l__xparse_v_nesting_int=\count149
)
(/usr/local/texlive/2014/texmf-dist/tex/latex/l3packages/xtemplate/xtemplate.st
y
Package: xtemplate 2014/11/25 v5471 L3 Experimental prototype document function
s
\l__xtemplate_tmp_dim=\dimen164
\l__xtemplate_tmp_int=\count150
\l__xtemplate_tmp_muskip=\muskip17
\l__xtemplate_tmp_skip=\skip79
Variant \prop_get:NoNTF already defined; not changing it on line 106
Variant \prop_get:NoNT already defined; not changing it on line 107
Variant \prop_get:NoNF already defined; not changing it on line 108
)
Package: xfrac 2014/05/04 v4728 L3 Experimental split-level fractions
\l__xfrac_slash_box=\box50
\l__xfrac_tmp_box=\box51
\l__xfrac_denominator_bot_sep_dim=\dimen165
\l__xfrac_numerator_bot_sep_dim=\dimen166
\l__xfrac_numerator_top_sep_dim=\dimen167
\l__xfrac_slash_left_sep_dim=\dimen168
\l__xfrac_slash_right_sep_dim=\dimen169
\l__xfrac_slash_left_muskip=\muskip18
\l__xfrac_slash_right_muskip=\muskip19
.................................................
. xtemplate info: "declare-object-type"
. 
. Declaring object type 'xfrac' taking 3 argument(s) on line 96.
.................................................
.................................................
. LaTeX info: "xparse/define-command"
. 
. Defining command \sfrac with sig. 'omom' on line 436.
.................................................
) (/usr/local/texlive/2014/texmf-dist/tex/latex/microtype/microtype.sty
Package: microtype 2013/05/23 v2.5a Micro-typographical refinements (RS)
\MT@toks=\toks32
\MT@count=\count151
LaTeX Info: Redefining \textls on input line 766.
\MT@outer@kern=\dimen170
LaTeX Info: Redefining \textmicrotypecontext on input line 1285.
\MT@listname@count=\count152

(/usr/local/texlive/2014/texmf-dist/tex/latex/microtype/microtype-pdftex.def
File: microtype-pdftex.def 2013/05/23 v2.5a Definitions specific to pdftex (RS)

LaTeX Info: Redefining \lsstyle on input line 915.
LaTeX Info: Redefining \lslig on input line 915.
\MT@outer@space=\skip80
)
Package microtype Info: Loading configuration file microtype.cfg.

(/usr/local/texlive/2014/texmf-dist/tex/latex/microtype/microtype.cfg
File: microtype.cfg 2013/05/23 v2.5a microtype main configuration file (RS)
))
(/usr/local/texlive/2014/texmf-dist/tex/latex/base/fontenc.sty
Package: fontenc 2005/09/27 v1.99g Standard LaTeX package

(/usr/local/texlive/2014/texmf-dist/tex/latex/base/t1enc.def
File: t1enc.def 2005/09/27 v1.99g Standard LaTeX file
LaTeX Font Info:    Redeclaring font encoding T1 on input line 43.
))
(/usr/local/texlive/texmf-local/tex/latex/newpx/newpxtext.sty
Package: newpxtext 2015/04/27 v1.25

`newpxtext' v1.25, 2015/04/27 Text macros taking advantage of TeXGyre Pagella a
nd its extensions (msharpe)
(/usr/local/texlive/2014/texmf-dist/tex/latex/fontaxes/fontaxes.sty
Package: fontaxes 2014/03/23 v1.0d Font selection axes
LaTeX Info: Redefining \upshape on input line 29.
LaTeX Info: Redefining \itshape on input line 31.
LaTeX Info: Redefining \slshape on input line 33.
LaTeX Info: Redefining \scshape on input line 37.
)
(/usr/local/texlive/2014/texmf-dist/tex/latex/xkeyval/xkeyval.sty
Package: xkeyval 2014/12/03 v2.7a package option processing (HA)

(/usr/local/texlive/2014/texmf-dist/tex/generic/xkeyval/xkeyval.tex
(/usr/local/texlive/2014/texmf-dist/tex/generic/xkeyval/xkvutils.tex
\XKV@toks=\toks33
\XKV@tempa@toks=\toks34
)
\XKV@depth=\count153
File: xkeyval.tex 2014/12/03 v2.7a key=value parser (HA)
))
(/usr/local/texlive/2014/texmf-dist/tex/latex/etoolbox/etoolbox.sty
Package: etoolbox 2015/03/19 v2.1d e-TeX tools for LaTeX (JAW)
\etb@tempcnta=\count154
)
(/usr/local/texlive/2014/texmf-dist/tex/latex/base/fontenc.sty
Package: fontenc 2005/09/27 v1.99g Standard LaTeX package

(/usr/local/texlive/2014/texmf-dist/tex/latex/base/t1enc.def
File: t1enc.def 2005/09/27 v1.99g Standard LaTeX file
LaTeX Font Info:    Redeclaring font encoding T1 on input line 43.
)))
(/usr/local/texlive/2014/texmf-dist/tex/latex/braket/braket.sty)
(/usr/local/texlive/texmf-local/tex/latex/newpx/newpxmath.sty
Package: newpxmath 2015/04/27 v1.25

`newpxmath' v1.25, 2015/04/27 Math macros based on pxfonts (msharpe)
(/usr/local/texlive/2014/texmf-dist/tex/generic/kastrup/binhex.tex)
\px@Isdigit=\count155
LaTeX Font Info:    Redeclaring symbol font `operators' on input line 62.
LaTeX Font Info:    Encoding `OT1' has changed to `T1' for symbol font
(Font)              `operators' in the math version `normal' on input line 62.
LaTeX Font Info:    Overwriting symbol font `operators' in version `normal'
(Font)                  OT1/cmr/m/n --> T1/zpltlf/m/n on input line 62.
LaTeX Font Info:    Encoding `OT1' has changed to `T1' for symbol font
(Font)              `operators' in the math version `bold' on input line 62.
LaTeX Font Info:    Overwriting symbol font `operators' in version `bold'
(Font)                  OT1/cmr/bx/n --> T1/zpltlf/m/n on input line 62.
LaTeX Font Info:    Overwriting symbol font `operators' in version `bold'
(Font)                  T1/zpltlf/m/n --> T1/zpltlf/b/n on input line 63.
LaTeX Font Info:    Redeclaring math alphabet \mathsf on input line 66.
LaTeX Font Info:    Overwriting math alphabet `\mathsf' in version `normal'
(Font)                  OT1/cmss/m/n --> T1/qhv/m/n on input line 66.
LaTeX Font Info:    Overwriting math alphabet `\mathsf' in version `bold'
(Font)                  OT1/cmss/bx/n --> T1/qhv/m/n on input line 66.
LaTeX Font Info:    Redeclaring math alphabet \mathit on input line 67.
LaTeX Font Info:    Overwriting math alphabet `\mathit' in version `normal'
(Font)                  OT1/cmr/m/it --> T1/zpltlf/m/it on input line 67.
LaTeX Font Info:    Overwriting math alphabet `\mathit' in version `bold'
(Font)                  OT1/cmr/bx/it --> T1/zpltlf/m/it on input line 67.
LaTeX Font Info:    Redeclaring math alphabet \mathtt on input line 68.
LaTeX Font Info:    Overwriting math alphabet `\mathtt' in version `normal'
(Font)                  OT1/cmtt/m/n --> T1/npxtt/m/n on input line 68.
LaTeX Font Info:    Overwriting math alphabet `\mathtt' in version `bold'
(Font)                  OT1/cmtt/m/n --> T1/npxtt/m/n on input line 68.
LaTeX Font Info:    Redeclaring math alphabet \mathbf on input line 70.
LaTeX Font Info:    Overwriting math alphabet `\mathbf' in version `normal'
(Font)                  OT1/cmr/bx/n --> T1/zpltlf/b/n on input line 70.
LaTeX Font Info:    Overwriting math alphabet `\mathbf' in version `bold'
(Font)                  OT1/cmr/bx/n --> T1/zpltlf/b/n on input line 70.
LaTeX Font Info:    Overwriting math alphabet `\mathit' in version `bold'
(Font)                  T1/zpltlf/m/it --> T1/zpltlf/b/it on input line 71.
LaTeX Font Info:    Overwriting math alphabet `\mathsf' in version `bold'
(Font)                  T1/qhv/m/n --> T1/qhv/b/n on input line 73.
LaTeX Font Info:    Overwriting math alphabet `\mathtt' in version `bold'
(Font)                  T1/npxtt/m/n --> T1/npxtt/b/n on input line 74.
LaTeX Font Info:    Redeclaring symbol font `letters' on input line 85.
LaTeX Font Info:    Overwriting symbol font `letters' in version `normal'
(Font)                  OML/cmm/m/it --> OML/npxmi/m/it on input line 85.
LaTeX Font Info:    Overwriting symbol font `letters' in version `bold'
(Font)                  OML/cmm/b/it --> OML/npxmi/m/it on input line 85.
LaTeX Font Info:    Overwriting symbol font `letters' in version `bold'
(Font)                  OML/npxmi/m/it --> OML/npxmi/b/it on input line 86.
\symlettersA=\mathgroup6
LaTeX Font Info:    Overwriting symbol font `lettersA' in version `bold'
(Font)                  U/npxmia/m/it --> U/npxmia/b/it on input line 93.
LaTeX Font Info:    Redeclaring math alphabet \mathfrak on input line 95.
LaTeX Font Info:    Redeclaring symbol font `symbols' on input line 102.
LaTeX Font Info:    Overwriting symbol font `symbols' in version `normal'
(Font)                  OMS/cmsy/m/n --> OMS/npxsy/m/n on input line 102.
LaTeX Font Info:    Overwriting symbol font `symbols' in version `bold'
(Font)                  OMS/cmsy/b/n --> OMS/npxsy/m/n on input line 102.
LaTeX Font Info:    Overwriting symbol font `symbols' in version `bold'
(Font)                  OMS/npxsy/m/n --> OMS/npxsy/b/n on input line 103.
\symAMSm=\mathgroup7
LaTeX Font Info:    Overwriting symbol font `AMSm' in version `bold'
(Font)                  U/npxsym/m/n --> U/npxsym/b/n on input line 122.
\symsymbolsC=\mathgroup8
LaTeX Font Info:    Overwriting symbol font `symbolsC' in version `bold'
(Font)                  U/npxsyc/m/n --> U/npxsyc/b/n on input line 144.
LaTeX Font Info:    Redeclaring symbol font `largesymbols' on input line 164.
LaTeX Font Info:    Encoding `OMX' has changed to `LMX' for symbol font
(Font)              `largesymbols' in the math version `normal' on input line 1
64.
LaTeX Font Info:    Overwriting symbol font `largesymbols' in version `normal'
(Font)                  OMX/cmex/m/n --> LMX/npxexx/m/n on input line 164.
LaTeX Font Info:    Encoding `OMX' has changed to `LMX' for symbol font
(Font)              `largesymbols' in the math version `bold' on input line 164
.
LaTeX Font Info:    Overwriting symbol font `largesymbols' in version `bold'
(Font)                  OMX/cmex/m/n --> LMX/npxexx/m/n on input line 164.
LaTeX Font Info:    Overwriting symbol font `largesymbols' in version `bold'
(Font)                  LMX/npxexx/m/n --> LMX/npxexx/b/n on input line 165.
\symlargesymbolsPXA=\mathgroup9
LaTeX Font Info:    Overwriting symbol font `largesymbolsPXA' in version `bold'

(Font)                  U/npxexa/m/n --> U/npxexa/b/n on input line 180.
LaTeX Font Info:    Redeclaring math delimiter \lfloor on input line 265.
LaTeX Font Info:    Redeclaring math delimiter \rfloor on input line 266.
LaTeX Font Info:    Redeclaring math delimiter \lceil on input line 267.
LaTeX Font Info:    Redeclaring math delimiter \rceil on input line 268.
LaTeX Font Info:    Redeclaring math delimiter \lbrace on input line 269.
LaTeX Font Info:    Redeclaring math delimiter \rbrace on input line 270.
LaTeX Font Info:    Redeclaring math delimiter \langle on input line 271.
LaTeX Font Info:    Redeclaring math delimiter \rangle on input line 273.
LaTeX Font Info:    Redeclaring math symbol \mid on input line 275.
LaTeX Font Info:    Redeclaring math delimiter \arrowvert on input line 277.
LaTeX Font Info:    Redeclaring math delimiter \vert on input line 278.
LaTeX Font Info:    Redeclaring math delimiter \Arrowvert on input line 280.
LaTeX Font Info:    Redeclaring math delimiter \Vert on input line 281.
LaTeX Font Info:    Redeclaring math delimiter \updownarrow on input line 283.
LaTeX Font Info:    Redeclaring math delimiter \Updownarrow on input line 284.
LaTeX Info: Redefining \not on input line 1435.
LaTeX Info: Redefining \textsquare on input line 1456.
LaTeX Info: Redefining \openbox on input line 1458.
)
LaTeX Font Info:    Redeclaring math symbol \Gamma on input line 168.
LaTeX Font Info:    Redeclaring math symbol \Delta on input line 169.
LaTeX Font Info:    Redeclaring math symbol \Theta on input line 170.
LaTeX Font Info:    Redeclaring math symbol \Lambda on input line 171.
LaTeX Font Info:    Redeclaring math symbol \Xi on input line 172.
LaTeX Font Info:    Redeclaring math symbol \Pi on input line 173.
LaTeX Font Info:    Redeclaring math symbol \Sigma on input line 174.
LaTeX Font Info:    Redeclaring math symbol \Upsilon on input line 175.
LaTeX Font Info:    Redeclaring math symbol \Phi on input line 176.
LaTeX Font Info:    Redeclaring math symbol \Psi on input line 177.
LaTeX Font Info:    Redeclaring math symbol \Omega on input line 178.
\c@theorem=\count156
\c@lemma=\count157
\c@corollary=\count158
\c@proposition=\count159
\astrutbox=\box52
)
LaTeX Font Info:    Try loading font information for T1+zpltlf on input line 65
.

(/usr/local/texlive/texmf-local/tex/latex/newpx/t1zpltlf.fd
File: t1zpltlf.fd 2015/01/17 v1.0 font definition file for T1/zpl/tlf
)
LaTeX Font Info:    Font shape `T1/zpltlf/m/n' will be
(Font)              scaled to size 10.95pt on input line 65.
 (./thesis.aux
(./bose_gasses/chapter.aux) (./model/chapter.aux

LaTeX Warning: Label `section:gpe' multiply defined.

) (./numerics/chapter.aux

LaTeX Warning: Label `section:RK4' multiply defined.

) (./wake/chapter.aux) (./shin/chapter.aux) (./nonequib/chapter.aux)
(./appendix.aux))
\openout1 = `thesis.aux'.

LaTeX Font Info:    Checking defaults for OML/npxmi/m/it on input line 65.
LaTeX Font Info:    Try loading font information for OML+npxmi on input line 65
.
 (/usr/local/texlive/texmf-local/tex/latex/newpx/omlnpxmi.fd
File: omlnpxmi.fd 2013/03/21 Fontinst v1.933 font definitions for OML/npxmi.
)
LaTeX Font Info:    ... okay on input line 65.
LaTeX Font Info:    Checking defaults for T1/cmr/m/n on input line 65.
LaTeX Font Info:    ... okay on input line 65.
LaTeX Font Info:    Checking defaults for OT1/cmr/m/n on input line 65.
LaTeX Font Info:    ... okay on input line 65.
LaTeX Font Info:    Checking defaults for OMS/npxsy/m/n on input line 65.
LaTeX Font Info:    Try loading font information for OMS+npxsy on input line 65
.

(/usr/local/texlive/texmf-local/tex/latex/newpx/omsnpxsy.fd
File: omsnpxsy.fd 2013/03/24 Fontinst v1.933 font definitions for OMS/npxsy.
)
LaTeX Font Info:    ... okay on input line 65.
LaTeX Font Info:    Checking defaults for OMX/cmex/m/n on input line 65.
LaTeX Font Info:    ... okay on input line 65.
LaTeX Font Info:    Checking defaults for U/npxexa/m/n on input line 65.
LaTeX Font Info:    Try loading font information for U+npxexa on input line 65.


(/usr/local/texlive/texmf-local/tex/latex/newpx/unpxexa.fd
File: unpxexa.fd 2013/03/24 Fontinst v1.933 font definitions for U/npxexa.
)
LaTeX Font Info:    ... okay on input line 65.
LaTeX Font Info:    Checking defaults for TS1/cmr/m/n on input line 65.
LaTeX Font Info:    Try loading font information for TS1+cmr on input line 65.

(/usr/local/texlive/2014/texmf-dist/tex/latex/base/ts1cmr.fd
File: ts1cmr.fd 2014/09/29 v2.5h Standard LaTeX font definitions
)
LaTeX Font Info:    ... okay on input line 65.
LaTeX Font Info:    Checking defaults for LMX/npxexx/m/n on input line 65.
LaTeX Font Info:    ... okay on input line 65.

*geometry* driver: auto-detecting
*geometry* detected driver: pdftex
*geometry* verbose mode - [ preamble ] result:
* driver: pdftex
* paper: a4paper
* layout: <same size as paper>
* layoutoffset:(h,v)=(0.0pt,0.0pt)
* modes: 
* h-part:(L,W,R)=(99.58464pt, 426.79135pt, 71.13188pt)
* v-part:(T,H,B)=(113.81102pt, 631.65118pt, 99.58464pt)
* \paperwidth=597.50787pt
* \paperheight=845.04684pt
* \textwidth=426.79135pt
* \textheight=631.65118pt
* \oddsidemargin=27.31465pt
* \evensidemargin=27.31465pt
* \topmargin=4.54103pt
* \headheight=15.0pt
* \headsep=25.0pt
* \topskip=11.0pt
* \footskip=30.0pt
* \marginparwidth=59.0pt
* \marginparsep=10.0pt
* \columnsep=10.0pt
* \skip\footins=10.0pt plus 4.0pt minus 2.0pt
* \hoffset=0.0pt
* \voffset=0.0pt
* \mag=1000
* \@twocolumnfalse
* \@twosidefalse
* \@mparswitchfalse
* \@reversemarginfalse
* (1in=72.27pt=25.4mm, 1cm=28.453pt)

(/usr/local/texlive/2014/texmf-dist/tex/context/base/supp-pdf.mkii
[Loading MPS to PDF converter (version 2006.09.02).]
\scratchcounter=\count160
\scratchdimen=\dimen171
\scratchbox=\box53
\nofMPsegments=\count161
\nofMParguments=\count162
\everyMPshowfont=\toks35
\MPscratchCnt=\count163
\MPscratchDim=\dimen172
\MPnumerator=\count164
\makeMPintoPDFobject=\count165
\everyMPtoPDFconversion=\toks36
) (/usr/local/texlive/2014/texmf-dist/tex/generic/oberdiek/pdftexcmds.sty
Package: pdftexcmds 2011/11/29 v0.20 Utility functions of pdfTeX for LuaTeX (HO
)

(/usr/local/texlive/2014/texmf-dist/tex/generic/oberdiek/ifluatex.sty
Package: ifluatex 2010/03/01 v1.3 Provides the ifluatex switch (HO)
Package ifluatex Info: LuaTeX not detected.
)
Package pdftexcmds Info: LuaTeX not detected.
Package pdftexcmds Info: \pdf@primitive is available.
Package pdftexcmds Info: \pdf@ifprimitive is available.
Package pdftexcmds Info: \pdfdraftmode found.
)
(/usr/local/texlive/2014/texmf-dist/tex/latex/oberdiek/epstopdf-base.sty
Package: epstopdf-base 2010/02/09 v2.5 Base part for package epstopdf

(/usr/local/texlive/2014/texmf-dist/tex/latex/oberdiek/grfext.sty
Package: grfext 2010/08/19 v1.1 Manage graphics extensions (HO)

(/usr/local/texlive/2014/texmf-dist/tex/generic/oberdiek/kvdefinekeys.sty
Package: kvdefinekeys 2011/04/07 v1.3 Define keys (HO)
))
(/usr/local/texlive/2014/texmf-dist/tex/latex/oberdiek/kvoptions.sty
Package: kvoptions 2011/06/30 v3.11 Key value format for package options (HO)

(/usr/local/texlive/2014/texmf-dist/tex/generic/oberdiek/kvsetkeys.sty
Package: kvsetkeys 2012/04/25 v1.16 Key value parser (HO)

(/usr/local/texlive/2014/texmf-dist/tex/generic/oberdiek/etexcmds.sty
Package: etexcmds 2011/02/16 v1.5 Avoid name clashes with e-TeX commands (HO)
Package etexcmds Info: Could not find \expanded.
(etexcmds)             That can mean that you are not using pdfTeX 1.50 or
(etexcmds)             that some package has redefined \expanded.
(etexcmds)             In the latter case, load this package earlier.
)))
Package grfext Info: Graphics extension search list:
(grfext)             [.png,.pdf,.jpg,.mps,.jpeg,.jbig2,.jb2,.PNG,.PDF,.JPG,.JPE
G,.JBIG2,.JB2,.eps]
(grfext)             \AppendGraphicsExtensions on input line 452.

(/usr/local/texlive/2014/texmf-dist/tex/latex/latexconfig/epstopdf-sys.cfg
File: epstopdf-sys.cfg 2010/07/13 v1.3 Configuration of (r)epstopdf for TeX Liv
e
))
Package caption Info: Begin \AtBeginDocument code.
Package caption Info: subfig package v1.3 is loaded.
Package caption Info: longtable package is loaded.

(/usr/local/texlive/2014/texmf-dist/tex/latex/caption/ltcaption.sty
Package: ltcaption 2013/02/03 v1.3-62 longtable captions (AR)
)
Package caption Info: rotating package is loaded.
Package caption Info: End \AtBeginDocument code.
LaTeX Info: Redefining \microtypecontext on input line 65.
Package microtype Info: Generating PDF output.
Package microtype Info: Character protrusion enabled (level 2),
(microtype)             factor: 1100.
Package microtype Info: Using default protrusion set `alltext'.
Package microtype Info: Automatic font expansion enabled (level 2),
(microtype)             stretch: 10, shrink: 10, step: 1, non-selected.
Package microtype Info: Using default expansion set `basictext'.
Package microtype Info: Tracking enabled.
Package microtype Info: Using default tracking set `smallcaps'.
Package microtype Info: Adjustment of interword spacing enabled.
Package microtype Info: Using default spacing set `basictext'.
Package microtype Info: Adjustment of character kerning enabled.
Package microtype Info: Using default kerning set `alltext'.
Package microtype Info: Loading generic settings for font family
(microtype)             `zpltlf' (encoding: T1).
(microtype)             For optimal results, create family-specific settings.
(microtype)             See the microtype manual for details.
\c@mv@tabular=\count166
\c@mv@boldtabular=\count167
LaTeX Font Info:    Font shape `T1/zpltlf/m/n' will be
(Font)              scaled to size 8.0pt on input line 70.
LaTeX Font Info:    Font shape `T1/zpltlf/m/n' will be
(Font)              scaled to size 6.1pt on input line 70.
LaTeX Font Info:    Try loading font information for U+msa on input line 70.

(/usr/local/texlive/2014/texmf-dist/tex/latex/amsfonts/umsa.fd
File: umsa.fd 2013/01/14 v3.01 AMS symbols A
)
(/usr/local/texlive/2014/texmf-dist/tex/latex/microtype/mt-msa.cfg
File: mt-msa.cfg 2006/02/04 v1.1 microtype config. file: AMS symbols (a) (RS)
)
LaTeX Font Info:    Try loading font information for U+msb on input line 70.

(/usr/local/texlive/2014/texmf-dist/tex/latex/amsfonts/umsb.fd
File: umsb.fd 2013/01/14 v3.01 AMS symbols B
)
(/usr/local/texlive/2014/texmf-dist/tex/latex/microtype/mt-msb.cfg
File: mt-msb.cfg 2005/06/01 v1.0 microtype config. file: AMS symbols (b) (RS)
)
LaTeX Font Info:    Try loading font information for U+npxmia on input line 70.


(/usr/local/texlive/texmf-local/tex/latex/newpx/unpxmia.fd
File: unpxmia.fd 2013/03/24 Fontinst v1.933 font definitions for U/npxmia.
)
LaTeX Font Info:    Try loading font information for U+npxsym on input line 70.


(/usr/local/texlive/texmf-local/tex/latex/newpx/unpxsym.fd
File: unpxsym.fd 2015/03/21 Fontinst v1.933 font definitions for U/npxsym.
)
LaTeX Font Info:    Try loading font information for U+npxsyc on input line 70.


(/usr/local/texlive/texmf-local/tex/latex/newpx/unpxsyc.fd
File: unpxsyc.fd 2013/03/24 Fontinst v1.933 font definitions for U/npxsyc.
)
LaTeX Font Info:    Font shape `T1/zpltlf/m/n' will be
(Font)              scaled to size 17.28pt on input line 70.
LaTeX Font Info:    Font shape `T1/zpltlf/m/sc' will be
(Font)              scaled to size 17.28pt on input line 70.
Package microtype Info: Character `029' is missing
(microtype)             in font `T1/zpltlf/m/sc/17.28'.
(microtype)             Ignoring protrusion settings for this character.
LaTeX Font Info:    Font shape `T1/zpltlf/m/n' will be
(Font)              scaled to size 14.4pt on input line 70.
LaTeX Font Info:    Font shape `T1/zpltlf/m/sc' will be
(Font)              scaled to size 14.4pt on input line 70.
Package microtype Info: Character `029' is missing
(microtype)             in font `T1/zpltlf/m/sc/14.4'.
(microtype)             Ignoring protrusion settings for this character.
LaTeX Font Info:    Font shape `T1/zpltlf/m/n' will be
(Font)              scaled to size 10.5pt on input line 70.
LaTeX Font Info:    Font shape `T1/zpltlf/m/n' will be
(Font)              scaled to size 7.9pt on input line 70.

<fig/shield.pdf, id=1, 263.98625pt x 93.34875pt>
File: fig/shield.pdf Graphic file (type pdf)
 <use fig/shield.pdf>
Package pdftex.def Info: fig/shield.pdf used on input line 70.
(pdftex.def)             Requested size: 263.9856pt x 93.34851pt.
LaTeX Font Info:    Font shape `T1/zpltlf/m/it' will be
(Font)              scaled to size 14.4pt on input line 70.
LaTeX Font Info:    Font shape `T1/zpltlf/m/it' will be
(Font)              scaled to size 10.0pt on input line 70.
 [1
Non-PDF special ignored!

{/usr/local/texlive/2014/texmf-var/fonts/map/pdftex/updmap/pdftex.map} <./fig/s
hield.pdf>] (./acknowledge.tex
LaTeX Font Info:    Font shape `T1/zpltlf/bx/n' in size <10.95> not available
(Font)              Font shape `T1/zpltlf/b/n' tried instead on input line 1.
LaTeX Font Info:    Font shape `T1/zpltlf/b/n' will be
(Font)              scaled to size 10.95pt on input line 1.
 [1

]) (./abstract.tex
[1

])
LaTeX Font Info:    Font shape `T1/zpltlf/m/n' will be
(Font)              scaled to size 24.88pt on input line 84.
LaTeX Font Info:    Font shape `T1/zpltlf/bx/n' in size <24.88> not available
(Font)              Font shape `T1/zpltlf/b/n' tried instead on input line 84.
LaTeX Font Info:    Font shape `T1/zpltlf/b/n' will be
(Font)              scaled to size 24.88pt on input line 84.
 (./thesis.toc
LaTeX Font Info:    Font shape `T1/zpltlf/m/n' will be
(Font)              scaled to size 12.0pt on input line 1.
LaTeX Font Info:    Font shape `T1/zpltlf/bx/n' in size <12> not available
(Font)              Font shape `T1/zpltlf/b/n' tried instead on input line 1.
LaTeX Font Info:    Font shape `T1/zpltlf/b/n' will be
(Font)              scaled to size 12.0pt on input line 1.
 [1


]
LaTeX Font Info:    Font shape `T1/zpltlf/m/sl' will be
(Font)              scaled to size 10.95pt on input line 67.
 [2])
\tf@toc=\write4
\openout4 = `thesis.toc'.

 [3] (./thesis.lof
LaTeX Font Info:    Font shape `T1/zpltlf/m/it' will be
(Font)              scaled to size 10.95pt on input line 5.
LaTeX Font Info:    Font shape `T1/zpltlf/m/it' will be
(Font)              scaled to size 8.0pt on input line 5.
LaTeX Font Info:    Font shape `T1/zpltlf/m/it' will be
(Font)              scaled to size 6.1pt on input line 5.


Package natbib Warning: Citation `taneda41' on page iv undefined on input line 
5.


Package natbib Warning: Citation `taneda41' on page iv undefined on input line 
5.


Package natbib Warning: Citation `taneda112' on page iv undefined on input line
 5.


Package natbib Warning: Citation `nagib' on page iv undefined on input line 5.

[4

]

Package natbib Warning: Citation `kwon_moon_14' on page v undefined on input li
ne 14.

[5])
\tf@lof=\write5
\openout5 = `thesis.lof'.

 [6] (./thesis.lot)
\tf@lot=\write6
\openout6 = `thesis.lot'.

 [7

]
LaTeX Font Info:    Font shape `T1/zpltlf/m/n' will be
(Font)              scaled to size 20.74pt on input line 97.
LaTeX Font Info:    Font shape `T1/zpltlf/bx/n' in size <20.74> not available
(Font)              Font shape `T1/zpltlf/b/n' tried instead on input line 97.
LaTeX Font Info:    Font shape `T1/zpltlf/b/n' will be
(Font)              scaled to size 20.74pt on input line 97.
 [1



]
\openout2 = `./bose_gasses/chapter.aux'.

 (./bose_gasses/chapter.tex
Chapter 1.
LaTeX Font Info:    Font shape `T1/zpltlf/bx/n' in size <14.4> not available
(Font)              Font shape `T1/zpltlf/b/n' tried instead on input line 2.
LaTeX Font Info:    Font shape `T1/zpltlf/b/n' will be
(Font)              scaled to size 14.4pt on input line 2.
) [2


]
\openout2 = `./model/chapter.aux'.

 (./model/chapter.tex
Chapter 2.
LaTeX Font Info:    Font shape `T1/zpltlf/b/n' will be
(Font)              scaled to size 8.0pt on input line 5.
LaTeX Font Info:    Font shape `T1/zpltlf/b/n' will be
(Font)              scaled to size 6.1pt on input line 5.
[3



] [4]) [5] [6


]
\openout2 = `./numerics/chapter.aux'.

 (./numerics/chapter.tex
Chapter 3.
) [7


] [8


]
\openout2 = `./wake/chapter.aux'.

 (./wake/chapter.tex
Chapter 4.
LaTeX Font Info:    Try loading font information for T1+npxtt on input line 4.
(/usr/local/texlive/texmf-local/tex/latex/newpx/t1npxtt.fd
File: t1npxtt.fd 2000/12/14 v1.0
)
LaTeX Font Info:    Font shape `T1/npxtt/m/n' will be
(Font)              scaled to size 10.95pt on input line 4.
Package microtype Info: Loading generic settings for font family
(microtype)             `npxtt' (encoding: T1).
(microtype)             For optimal results, create family-specific settings.
(microtype)             See the microtype manual for details.
LaTeX Font Info:    Try loading font information for TS1+zpltlf on input line 8
.

(/usr/local/texlive/texmf-local/tex/latex/newpx/ts1zpltlf.fd
File: ts1zpltlf.fd 2015/01/18 v1.0 fd file for TS1/zpltlf
)
LaTeX Font Info:    Font shape `TS1/zpltlf/m/n' will be
(Font)              scaled to size 10.95pt on input line 8.
Package microtype Info: Loading generic settings for font family
(microtype)             `zpltlf' (encoding: TS1).
(microtype)             For optimal results, create family-specific settings.
(microtype)             See the microtype manual for details.

<wake/3.png, id=79, 720.6925pt x 555.07375pt>
File: wake/3.png Graphic file (type png)
 <use wake/3.png>
Package pdftex.def Info: wake/3.png used on input line 58.
(pdftex.def)             Requested size: 76.83511pt x 59.18178pt.

<wake/taneda41.pdf, id=80, 919.30751pt x 531.91325pt>
File: wake/taneda41.pdf Graphic file (type pdf)
 <use wake/taneda41.pdf>
Package pdftex.def Info: wake/taneda41.pdf used on input line 59.
(pdftex.def)             Requested size: 102.43227pt x 59.26546pt.

<wake/taneda112.pdf, id=81, 917.3pt x 531.91325pt>
File: wake/taneda112.pdf Graphic file (type pdf)
 <use wake/taneda112.pdf>
Package pdftex.def Info: wake/taneda112.pdf used on input line 60.
(pdftex.def)             Requested size: 102.43227pt x 59.39531pt.

<wake/turb.jpg, id=82, 202.356pt x 97.5645pt>
File: wake/turb.jpg Graphic file (type jpg)
 <use wake/turb.jpg>
Package pdftex.def Info: wake/turb.jpg used on input line 61.
(pdftex.def)             Requested size: 123.76662pt x 59.67352pt.
LaTeX Font Info:    Font shape `T1/zpltlf/m/n' will be
(Font)              scaled to size 10.0pt on input line 62.
LaTeX Font Info:    Font shape `T1/zpltlf/m/n' will be
(Font)              scaled to size 7.3pt on input line 62.
LaTeX Font Info:    Font shape `T1/zpltlf/m/n' will be
(Font)              scaled to size 5.5pt on input line 62.
LaTeX Font Info:    Font shape `T1/zpltlf/b/n' will be
(Font)              scaled to size 10.0pt on input line 62.
LaTeX Font Info:    Font shape `T1/zpltlf/b/n' will be
(Font)              scaled to size 7.3pt on input line 62.
LaTeX Font Info:    Font shape `T1/zpltlf/b/n' will be
(Font)              scaled to size 5.5pt on input line 62.
LaTeX Font Info:    Font shape `T1/zpltlf/m/it' will be
(Font)              scaled to size 7.3pt on input line 62.
LaTeX Font Info:    Font shape `T1/zpltlf/m/it' will be
(Font)              scaled to size 5.5pt on input line 62.
LaTeX Font Info:    Font shape `T1/zpltlf/bx/n' in size <10> not available
(Font)              Font shape `T1/zpltlf/b/n' tried instead on input line 62.
LaTeX Font Info:    Font shape `T1/zpltlf/b/n' will be
(Font)              scaled to size 10.0pt on input line 62.


Package natbib Warning: Citation `taneda41' on page 9 undefined on input line 6
2.


Package natbib Warning: Citation `taneda41' on page 9 undefined on input line 6
2.


Package natbib Warning: Citation `taneda112' on page 9 undefined on input line 
62.


Package natbib Warning: Citation `nagib' on page 9 undefined on input line 62.


Package natbib Warning: Citation `taneda41' on page 9 undefined on input line 6
2.


Package natbib Warning: Citation `taneda41' on page 9 undefined on input line 6
2.


Package natbib Warning: Citation `taneda112' on page 9 undefined on input line 
62.


Package natbib Warning: Citation `nagib' on page 9 undefined on input line 62.

[9


]

Package natbib Warning: Citation `Tabeling' on page 10 undefined on input line 
65.


Package natbib Warning: Citation `Salort' on page 10 undefined on input line 65
.


Package natbib Warning: Citation `Nore' on page 10 undefined on input line 66.


Package natbib Warning: Citation `Kobayashi' on page 10 undefined on input line
 66.


Package natbib Warning: Citation `Laurie' on page 10 undefined on input line 66
.


Package natbib Warning: Citation `Lvov' on page 10 undefined on input line 67.


Package natbib Warning: Citation `Frisch' on page 10 undefined on input line 70
.


Package natbib Warning: Citation `barenghi' on page 10 undefined on input line 
75.


Package natbib Warning: Citation `Frisch' on page 10 undefined on input line 84
.


Package natbib Warning: Citation `VanSciver1999' on page 10 undefined on input 
line 101.


Package natbib Warning: Citation `VanSciver2005' on page 10 undefined on input 
line 101.


Package natbib Warning: Citation `sergeev09' on page 10 undefined on input line
 105.


Package natbib Warning: Citation `Hanninen' on page 10 undefined on input line 
109.


Package natbib Warning: Citation `Fujiyama' on page 10 undefined on input line 
109.


Package natbib Warning: Citation `goto08' on page 10 undefined on input line 10
9.


Package natbib Warning: Citation `frisch92' on page 10 undefined on input line 
111.


Package natbib Warning: Citation `saito10' on page 10 undefined on input line 1
11.


Package natbib Warning: Citation `jma00' on page 10 undefined on input line 111
.


Package natbib Warning: Citation `frisch92' on page 10 undefined on input line 
111.


Package natbib Warning: Citation `nore93' on page 10 undefined on input line 11
1.


Package natbib Warning: Citation `jma99' on page 10 undefined on input line 111
.


Package natbib Warning: Citation `win00' on page 10 undefined on input line 111
.


Package natbib Warning: Citation `huepe00' on page 10 undefined on input line 1
11.


Package natbib Warning: Citation `zwerger00' on page 10 undefined on input line
 111.


Package natbib Warning: Citation `crescimanno00' on page 10 undefined on input 
line 111.


Package natbib Warning: Citation `berloff2000' on page 10 undefined on input li
ne 111.


Package natbib Warning: Citation `rica2001' on page 10 undefined on input line 
111.


Package natbib Warning: Citation `pham2004' on page 10 undefined on input line 
111.


Package natbib Warning: Citation `win00' on page 10 undefined on input line 111
.


Package natbib Warning: Citation `jackson98' on page 10 undefined on input line
 111.


Package natbib Warning: Citation `fujimoto11' on page 10 undefined on input lin
e 111.


Package natbib Warning: Citation `huepe00' on page 10 undefined on input line 1
11.


Package natbib Warning: Citation `aioi11' on page 10 undefined on input line 11
1.


Package natbib Warning: Citation `el06' on page 10 undefined on input line 111.



Package natbib Warning: Citation `carusotto06' on page 10 undefined on input li
ne 111.

[10 <./wake/3.png> <./wake/taneda41.pdf> <./wake/taneda112.pdf> <./wake/turb.jp
g>]

Package natbib Warning: Citation `Raman' on page 11 undefined on input line 124
.


Package natbib Warning: Citation `Onofrio' on page 11 undefined on input line 1
24.


Package natbib Warning: Citation `Inouye' on page 11 undefined on input line 12
4.


Package natbib Warning: Citation `Neely' on page 11 undefined on input line 124
.


Package natbib Warning: Citation `Neely' on page 11 undefined on input line 124
.


Package natbib Warning: Citation `taneda41' on page 11 undefined on input line 
124.


Package natbib Warning: Citation `taneda112' on page 11 undefined on input line
 124.


Package natbib Warning: Citation `VanSciver1999' on page 11 undefined on input 
line 126.


Package natbib Warning: Citation `VanSciver2005' on page 11 undefined on input 
line 126.


Package natbib Warning: Citation `Pethick' on page 11 undefined on input line 1
28.


Package natbib Warning: Citation `Raman' on page 11 undefined on input line 135
.


Package natbib Warning: Citation `Onofrio' on page 11 undefined on input line 1
35.


Package natbib Warning: Citation `Inouye' on page 11 undefined on input line 13
5.


Package natbib Warning: Citation `Neely' on page 11 undefined on input line 135
.

[11] <wake/figure2ai.pdf, id=108, 825.0825pt x 359.3425pt>
File: wake/figure2ai.pdf Graphic file (type pdf)

<use wake/figure2ai.pdf>
Package pdftex.def Info: wake/figure2ai.pdf used on input line 146.
(pdftex.def)             Requested size: 213.39568pt x 92.93884pt.

<wake/figure2aii.pdf, id=109, 824.07875pt x 358.33875pt>
File: wake/figure2aii.pdf Graphic file (type pdf)

<use wake/figure2aii.pdf>
Package pdftex.def Info: wake/figure2aii.pdf used on input line 147.
(pdftex.def)             Requested size: 213.39568pt x 92.78859pt.

Overfull \hbox (1.64243pt too wide) in paragraph at lines 146--148
[][] [][] 
 []

<wake/figure2bi.pdf, id=110, 823.075pt x 356.33125pt>
File: wake/figure2bi.pdf Graphic file (type pdf)
 <use wake/figure2bi.pdf>
Package pdftex.def Info: wake/figure2bi.pdf used on input line 153.
(pdftex.def)             Requested size: 213.39568pt x 92.38295pt.

<wake/figure2bii.pdf, id=111, 824.07875pt x 356.33125pt>
File: wake/figure2bii.pdf Graphic file (type pdf)

<use wake/figure2bii.pdf>
Package pdftex.def Info: wake/figure2bii.pdf used on input line 154.
(pdftex.def)             Requested size: 213.39568pt x 92.26877pt.

Overfull \hbox (3.28485pt too wide) in paragraph at lines 150--155
 [] [] 
 []


Package natbib Warning: Citation `frisch92' on page 12 undefined on input line 
163.


Package natbib Warning: Citation `nore93' on page 12 undefined on input line 16
3.


Package natbib Warning: Citation `win00' on page 12 undefined on input line 163
.


Package natbib Warning: Citation `huepe00' on page 12 undefined on input line 1
63.

[12 <./wake/figure2ai.pdf> <./wake/figure2aii.pdf> <./wake/figure2bi.pdf> <./wa
ke/figure2bii.pdf>]

Package natbib Warning: Citation `nore93' on page 13 undefined on input line 16
5.


Package natbib Warning: Citation `saito10' on page 13 undefined on input line 1
65.


Package natbib Warning: Citation `saito10' on page 13 undefined on input line 1
68.


Package natbib Warning: Citation `Donnelly' on page 13 undefined on input line 
168.

<wake/figure3.pdf, id=168, 867.24pt x 433.62pt>
File: wake/figure3.pdf Graphic file (type pdf)
 <use wake/figure3.pdf>
Package pdftex.def Info: wake/figure3.pdf used on input line 175.
(pdftex.def)             Requested size: 384.1096pt x 192.05714pt.
 [13]

Package natbib Warning: Citation `saito10' on page 14 undefined on input line 1
84.

[14 <./wake/figure3.pdf>] <wake/figure4.pdf, id=182, 361.35pt x 252.945pt>
File: wake/figure4.pdf Graphic file (type pdf)

<use wake/figure4.pdf>
Package pdftex.def Info: wake/figure4.pdf used on input line 191.
(pdftex.def)             Requested size: 213.39568pt x 149.37906pt.


Package natbib Warning: Citation `berloff2000' on page 15 undefined on input li
ne 196.


Package natbib Warning: Citation `rica2001' on page 15 undefined on input line 
196.


Package natbib Warning: Citation `pham2004' on page 15 undefined on input line 
196.


Package natbib Warning: Citation `NozieresPines' on page 15 undefined on input 
line 198.

[15 <./wake/figure4.pdf>]

Package natbib Warning: Citation `win01' on page 16 undefined on input line 204
.


Package natbib Warning: Citation `rica2001' on page 16 undefined on input line 
209.


Package natbib Warning: Citation `huepe00' on page 16 undefined on input line 2
11.


Package natbib Warning: Citation `rica2001' on page 16 undefined on input line 
211.

<wake/figure5.pdf, id=194, 1445.4pt x 542.025pt>
File: wake/figure5.pdf Graphic file (type pdf)
 <use wake/figure5.pdf>
Package pdftex.def Info: wake/figure5.pdf used on input line 216.
(pdftex.def)             Requested size: 426.79135pt x 160.04485pt.

[16 <./wake/figure5.pdf>]

Package natbib Warning: Citation `jma99' on page 17 undefined on input line 222
.


Package natbib Warning: Citation `white12' on page 17 undefined on input line 2
25.


Package natbib Warning: Citation `and13' on page 17 undefined on input line 225
.


Package natbib Warning: Citation `bagg12' on page 17 undefined on input line 22
5.


Package natbib Warning: Citation `and13' on page 17 undefined on input line 225
.

<wake/figure6.pdf, id=204, 361.35pt x 252.945pt>
File: wake/figure6.pdf Graphic file (type pdf)
 <use wake/figure6.pdf>
Package pdftex.def Info: wake/figure6.pdf used on input line 229.
(pdftex.def)             Requested size: 213.39568pt x 149.37906pt.


Package natbib Warning: Citation `saito10' on page 17 undefined on input line 2
33.

[17 <./wake/figure6.pdf>]
<wake/figure7.jpg, id=213, 5714.41943pt x 2703.50873pt>
File: wake/figure7.jpg Graphic file (type jpg)
 <use wake/figure7.jpg>
Package pdftex.def Info: wake/figure7.jpg used on input line 240.
(pdftex.def)             Requested size: 426.79135pt x 201.8881pt.


Package natbib Warning: Citation `win01' on page 18 undefined on input line 244
.


Package natbib Warning: Citation `winiecki99' on page 18 undefined on input lin
e 244.


Package natbib Warning: Citation `wacks' on page 18 undefined on input line 244
.

[18 <./wake/figure7.jpg>]
<wake/figure8.jpg, id=217, 5714.41943pt x 2703.50873pt>
File: wake/figure8.jpg Graphic file (type jpg)
 <use wake/figure8.jpg>
Package pdftex.def Info: wake/figure8.jpg used on input line 250.
(pdftex.def)             Requested size: 426.79135pt x 201.8881pt.

[19 <./wake/figure8.jpg>]

Package natbib Warning: Citation `blaz08' on page 20 undefined on input line 26
3.


Package natbib Warning: Citation `brad05' on page 20 undefined on input line 26
3.


Underfull \hbox (badness 10000) in paragraph at lines 262--265

 []


Package natbib Warning: Citation `Gorlitz' on page 20 undefined on input line 2
74.

[20]

Package natbib Warning: Citation `fos10' on page 21 undefined on input line 285
.


Package natbib Warning: Citation `white12' on page 21 undefined on input line 2
85.

) [21]
\openout2 = `./shin/chapter.aux'.

 (./shin/chapter.tex
Chapter 5.

Package natbib Warning: Citation `white_anderson_14' on page 22 undefined on in
put line 13.


Package natbib Warning: Citation `barenghi_skrbek_14' on page 22 undefined on i
nput line 13.


Package natbib Warning: Citation `barenghi_donnelly_01' on page 22 undefined on
 input line 13.


Package natbib Warning: Citation `henn_seman_09' on page 22 undefined on input 
line 13.


Package natbib Warning: Citation `parker2005' on page 22 undefined on input lin
e 13.


Package natbib Warning: Citation `middelkamp' on page 22 undefined on input lin
e 13.


Package natbib Warning: Citation `neely_bradley_13' on page 22 undefined on inp
ut line 13.


Package natbib Warning: Citation `kwon_moon_14' on page 22 undefined on input l
ine 13.


Package natbib Warning: Citation `kwon_moon_14' on page 22 undefined on input l
ine 15.


Package natbib Warning: Citation `frisch_92' on page 22 undefined on input line
 15.

[22



]

Package natbib Warning: Citation `delgado' on page 23 undefined on input line 2
8.


Package natbib Warning: Citation `parker2008' on page 23 undefined on input lin
e 28.


Package natbib Warning: Citation `jackson_proukakis_09' on page 23 undefined on
 input line 32.

[23]

Package natbib Warning: Citation `shin_private' on page 24 undefined on input l
ine 53.


Package natbib Warning: Citation `choi_morgan_98' on page 24 undefined on input
 line 53.


Package natbib Warning: Citation `tsubota_kasamatsu_02' on page 24 undefined on
 input line 53.


Package natbib Warning: Citation `madarassy_barenghi_08' on page 24 undefined o
n input line 53.


Package natbib Warning: Citation `jackson_proukakis_09' on page 24 undefined on
 input line 53.


Package natbib Warning: Citation `allen_zaremba_13' on page 24 undefined on inp
ut line 53.


Package natbib Warning: Citation `yan_proukakis_14' on page 24 undefined on inp
ut line 53.

<shin/fig1.pdf, id=234, 249.93375pt x 162.6075pt>
File: shin/fig1.pdf Graphic file (type pdf)
 <use shin/fig1.pdf>
Package pdftex.def Info: shin/fig1.pdf used on input line 60.
(pdftex.def)             Requested size: 277.41176pt x 180.5039pt.


Package natbib Warning: Citation `kwon_moon_14' on page 24 undefined on input l
ine 61.


Package natbib Warning: Citation `kwon_moon_14' on page 24 undefined on input l
ine 61.

[24]

Package natbib Warning: Citation `frisch_92' on page 25 undefined on input line
 79.


Package natbib Warning: Citation `jackson_mccann_00' on page 25 undefined on in
put line 84.


Package natbib Warning: Citation `sasaki_suzuki_10' on page 25 undefined on inp
ut line 84.


Package natbib Warning: Citation `stagg_parker_14' on page 25 undefined on inpu
t line 84.


Package natbib Warning: Citation `stagg_parker_14' on page 25 undefined on inpu
t line 92.


Package natbib Warning: Citation `stagg_parker_14' on page 25 undefined on inpu
t line 102.

[25 <./shin/fig1.pdf>] <shin/fig2.pdf, id=246, 246.9225pt x 247.92625pt>
File: shin/fig2.pdf Graphic file (type pdf)

<use shin/fig2.pdf>
Package pdftex.def Info: shin/fig2.pdf used on input line 110.
(pdftex.def)             Requested size: 426.79135pt x 428.5509pt.


Package natbib Warning: Citation `kwon_moon_14' on page 26 undefined on input l
ine 124.


Package natbib Warning: Citation `parker2005' on page 26 undefined on input lin
e 124.


Package natbib Warning: Citation `neely_bradley_13' on page 26 undefined on inp
ut line 124.


Package natbib Warning: Citation `stagg_parker_14' on page 26 undefined on inpu
t line 126.


Package natbib Warning: Citation `white_barenghi_12' on page 26 undefined on in
put line 133.


Package natbib Warning: Citation `reeves_billam_13' on page 26 undefined on inp
ut line 133.

[26] [27 <./shin/fig2.pdf>] <shin/fig3.pdf, id=389, 286.06876pt x 175.65625pt>
File: shin/fig3.pdf Graphic file (type pdf)

<use shin/fig3.pdf>
Package pdftex.def Info: shin/fig3.pdf used on input line 143.
(pdftex.def)             Requested size: 298.75264pt x 183.44742pt.
 <shin/fig4.pdf, id=390, 440.64626pt x 345.29pt>
File: shin/fig4.pdf Graphic file (type pdf)

<use shin/fig4.pdf>
Package pdftex.def Info: shin/fig4.pdf used on input line 158.
(pdftex.def)             Requested size: 426.79135pt x 334.44615pt.


Package natbib Warning: Citation `kwon_moon_14' on page 28 undefined on input l
ine 162.

[28 <./shin/fig3.pdf>] [29 <./shin/fig4.pdf>]

Package natbib Warning: Citation `allen_zaremba_13' on page 30 undefined on inp
ut line 175.

LaTeX Font Info:    Try loading font information for T1+zplsups on input line 1
79.
(/usr/local/texlive/texmf-local/tex/latex/newpx/t1zplsups.fd
File: t1zplsups.fd 2015/01/17 v1.0
)
LaTeX Font Info:    Font shape `T1/zplsups/m/n' will be
(Font)              scaled to size 10.95pt on input line 179.
Package microtype Info: Loading generic settings for font family
(microtype)             `zplsups' (encoding: T1).
(microtype)             For optimal results, create family-specific settings.
(microtype)             See the microtype manual for details.
LaTeX Font Info:    Font shape `T1/zpltlf/m/n' will be
(Font)              scaled to size 9.0pt on input line 179.
LaTeX Font Info:    Font shape `T1/zplsups/m/n' will be
(Font)              scaled to size 9.0pt on input line 179.
LaTeX Font Info:    Font shape `T1/zpltlf/bx/n' in size <9> not available
(Font)              Font shape `T1/zpltlf/b/n' tried instead on input line 179.

LaTeX Font Info:    Font shape `T1/zpltlf/b/n' will be
(Font)              scaled to size 9.0pt on input line 179.


Package natbib Warning: Citation `kwon_moon_14' on page 30 undefined on input l
ine 179.

LaTeX Font Info:    Font shape `T1/zpltlf/m/it' will be
(Font)              scaled to size 9.0pt on input line 179.
<shin/fig5.pdf, id=409, 226.8475pt x 287.0725pt>
File: shin/fig5.pdf Graphic file (type pdf)
 <use shin/fig5.pdf>
Package pdftex.def Info: shin/fig5.pdf used on input line 190.
(pdftex.def)             Requested size: 341.43437pt x 432.08386pt.


Package natbib Warning: Citation `nazarenko_onorato_07' on page 30 undefined on
 input line 200.


Package natbib Warning: Citation `rorai_skreenivasan_12' on page 30 undefined o
n input line 200.


Package natbib Warning: Citation `prabhakar_singh_13' on page 30 undefined on i
nput line 200.


Package natbib Warning: Citation `leadbeater' on page 30 undefined on input lin
e 202.


Package natbib Warning: Citation `zuccher' on page 30 undefined on input line 2
02.


Package natbib Warning: Citation `powis' on page 30 undefined on input line 221
.

[30] [31 <./shin/fig5.pdf>]

Package natbib Warning: Citation `stagg_parker_14' on page 32 undefined on inpu
t line 224.

<shin/fig6.png, id=530, 1487.5575pt x 463.7325pt>
File: shin/fig6.png Graphic file (type png)
 <use shin/fig6.png>
Package pdftex.def Info: shin/fig6.png used on input line 229.
(pdftex.def)             Requested size: 426.79135pt x 133.04962pt.


Package natbib Warning: Citation `kwon_moon_14' on page 32 undefined on input l
ine 234.

) [32] [33 <./shin/fig6.png>]
\openout2 = `./nonequib/chapter.aux'.

 (./nonequib/chapter.tex
Chapter 6.
) [34



]
\openout2 = `appendix.aux'.

 (./appendix.tex
Appendix A.
[35



]
Appendix B.
) [36

] (./thesis.bbl
LaTeX Font Info:    Font shape `T1/zpltlf/m/sc' will be
(Font)              scaled to size 10.95pt on input line 5.
Package microtype Info: Character `029' is missing
(microtype)             in font `T1/zpltlf/m/sc/10.95'.
(microtype)             Ignoring protrusion settings for this character.
)

Package natbib Warning: There were undefined citations.

[37


] (./thesis.aux (./bose_gasses/chapter.aux) (./model/chapter.aux)
(./numerics/chapter.aux) (./wake/chapter.aux) (./shin/chapter.aux)
(./nonequib/chapter.aux) (./appendix.aux))

LaTeX Warning: There were multiply-defined labels.

 ) 
Here is how much of TeX's memory you used:
 15718 strings out of 493109
 278553 string characters out of 6135004
 347191 words of memory out of 5000000
 18696 multiletter control sequences out of 15000+600000
 173417 words of font info for 252 fonts, out of 8000000 for 9000
 1141 hyphenation exceptions out of 8191
 52i,12n,77p,10552b,485s stack positions out of 5000i,500n,10000p,200000b,80000s
{/usr/local/texlive/texmf-local/fonts/enc/dvips/newpx/ecsups.enc}{/usr/local/
texlive/2014/texmf-dist/fonts/enc/dvips/tex-gyre/q-ts1.enc}{/usr/local/texlive/
2014/texmf-dist/fonts/enc/dvips/base/8r.enc}{/usr/local/texlive/texmf-local/fon
ts/enc/dvips/newpx/tgpdiff.enc}{/usr/local/texlive/2014/texmf-dist/fonts/enc/dv
ips/newpx/ntx-ecth-tlf.enc}{/usr/local/texlive/2014/texmf-dist/fonts/enc/dvips/
newtx/ntx-ec-tlf.enc}{/usr/local/texlive/2014/texmf-dist/fonts/enc/dvips/newtx/
ntx-ec-tlf-sc.enc}</usr/local/texlive/2014/texmf-dist/fonts/type1/public/newtx/
ntxsyralt.pfb></usr/local/texlive/2014/texmf-dist/fonts/type1/public/pxfonts/px
mia.pfb></usr/local/texlive/2014/texmf-dist/fonts/type1/public/pxfonts/pxsy.pfb
></usr/local/texlive/2014/texmf-dist/fonts/type1/public/tex-gyre/qplr.pfb></usr
/local/texlive/2014/texmf-dist/fonts/type1/public/pxfonts/rpxmi.pfb></usr/local
/texlive/2014/texmf-dist/fonts/type1/public/txfonts/t1xtt.pfb></usr/local/texli
ve/2014/texmf-dist/fonts/type1/public/newtx/txex-bar.pfb></usr/local/texlive/20
14/texmf-dist/fonts/type1/public/txfonts/txex.pfb></usr/local/texlive/2014/texm
f-dist/fonts/type1/public/txfonts/txsya.pfb></usr/local/texlive/2014/texmf-dist
/fonts/type1/public/txfonts/txsyb.pfb></usr/local/texlive/2014/texmf-dist/fonts
/type1/urw/palatino/uplri8a.pfb></usr/local/texlive/texmf-local/fonts/type1/pub
lic/newpx/zplb.pfb></usr/local/texlive/texmf-local/fonts/type1/public/newpx/zpl
r.pfb></usr/local/texlive/texmf-local/fonts/type1/public/newpx/zplri.pfb></usr/
local/texlive/texmf-local/fonts/type1/public/newpx/zplx-regular.pfb>
Output written on thesis.pdf (47 pages, 7384364 bytes).
PDF statistics:
 612 PDF objects out of 1000 (max. 8388607)
 397 compressed objects within 4 object streams
 0 named destinations out of 1000 (max. 500000)
 34922 words of extra memory for PDF output out of 35830 (max. 10000000)

